<?xml version="1.0" encoding="UTF-8"?>
<testsuite xmlns:xsi="http://www.w3.org/2001/XMLSchema-instance" xsi:noNamespaceSchemaLocation="https://maven.apache.org/surefire/maven-surefire-plugin/xsd/surefire-test-report-3.0.xsd" version="3.0" name="com.hngstageone.HngStatgeOne.HngStatgeOneApplicationTests" time="2.702" tests="1" errors="0" skipped="0" failures="0">
  <properties>
[...]
</properties>
  <testcase name="contextLoads" classname="com.hngstageone.HngStatgeOne.HngStatgeOneApplicationTests" time="0.669">
    <system-out><![CDATA[17:41:16.753 [main] INFO org.springframework.test.context.support.AnnotationConfigContextLoaderUtils -- Could not detect default configuration classes for test class [com.hngstageone.HngStatgeOne.HngStatgeOneApplicationTests]: HngStatgeOneApplicationTests does not declare any static, non-private, non-final, nested classes annotated with @Configuration.
17:41:16.849 [main] INFO org.springframework.boot.test.context.SpringBootTestContextBootstrapper -- Found @SpringBootConfiguration com.hngstageone.HngStatgeOne.HngStatgeOneApplication for test class com.hngstageone.HngStatgeOne.HngStatgeOneApplicationTests

  .   ____          _            __ _ _
 /\\ / ___'_ __ _ _(_)_ __  __ _ \ \ \ \
( ( )\___ | '_ | '_| | '_ \/ _` | \ \ \ \
 \\/  ___)| |_)| | | | | || (_| |  ) ) ) )
  '  |____| .__|_| |_|_| |_\__, | / / / /
 =========|_|==============|___/=/_/_/_/
 :: Spring Boot ::                (v3.1.3)

2023-09-07T17:41:17.172+01:00  INFO 49143 --- [           main] c.h.H.HngStatgeOneApplicationTests       : Starting HngStatgeOneApplicationTests using Java 20.0.1 with PID 49143 (started by harmlessprince in /Users/harmlessprince/hng/tasks/HngStatgeOne)
2023-09-07T17:41:17.173+01:00  INFO 49143 --- [           main] c.h.H.HngStatgeOneApplicationTests       : No active profile set, falling back to 1 default profile: "default"
2023-09-07T17:41:18.474+01:00  INFO 49143 --- [           main] o.s.b.a.e.web.EndpointLinksResolver      : Exposing 1 endpoint(s) beneath base path '/actuator'
2023-09-07T17:41:18.529+01:00  INFO 49143 --- [           main] c.h.H.HngStatgeOneApplicationTests       : Started HngStatgeOneApplicationTests in 1.573 seconds (process running for 2.339)
]]></system-out>
  </testcase>
</testsuite>